-- The C compiler identification is GNU 13.3.0
-- The CXX compiler identification is GNU 13.3.0
-- Detecting C compiler ABI info
-- Detecting C compiler ABI info - done
-- Check for working C compiler: /usr/bin/cc - skipped
-- Detecting C compile features
-- Detecting C compile features - done
-- Detecting CXX compiler ABI info
-- Detecting CXX compiler ABI info - done
-- Check for working CXX compiler: /usr/bin/c++ - skipped
-- Detecting CXX compile features
-- Detecting CXX compile features - done
-- Found ament_cmake: 2.5.6 (/opt/ros/jazzy/share/ament_cmake/cmake)
-- Found Python3: /usr/bin/python3 (found version "3.12.3") found components: Interpreter 
-- Override CMake install command with custom implementation using symlinks instead of copying resources
-- Found rclcpp: 28.1.18 (/opt/ros/jazzy/share/rclcpp/cmake)
-- Found rosidl_generator_c: 4.6.7 (/opt/ros/jazzy/share/rosidl_generator_c/cmake)
-- Found rosidl_generator_cpp: 4.6.7 (/opt/ros/jazzy/share/rosidl_generator_cpp/cmake)
-- Using all available rosidl_typesupport_c: rosidl_typesupport_fastrtps_c;rosidl_typesupport_introspection_c
-- Using all available rosidl_typesupport_cpp: rosidl_typesupport_fastrtps_cpp;rosidl_typesupport_introspection_cpp
-- Found rmw_implementation_cmake: 7.3.3 (/opt/ros/jazzy/share/rmw_implementation_cmake/cmake)
-- Found rmw_fastrtps_cpp: 8.4.3 (/opt/ros/jazzy/share/rmw_fastrtps_cpp/cmake)
-- Found OpenSSL: /usr/lib/x86_64-linux-gnu/libcrypto.so (found version "3.0.13")  
-- Found FastRTPS: /opt/ros/jazzy/include (Required is at least version "2.13") 
-- Using RMW implementation 'rmw_fastrtps_cpp' as default
-- Found std_msgs: 5.3.7 (/opt/ros/jazzy/share/std_msgs/cmake)
-- Found sensor_msgs: 5.3.7 (/opt/ros/jazzy/share/sensor_msgs/cmake)
-- Found pcl_conversions: 2.6.4 (/opt/ros/jazzy/share/pcl_conversions/cmake)
-- Found flann version 1.9.2
-- Found OpenMP_CXX: -fopenmp (found version "4.5") 
-- Found OpenMP: TRUE (found version "4.5") found components: CXX 
-- Checking for module 'libusb-1.0'
--   Found libusb-1.0, version 1.0.27
-- Found libusb: /usr/lib/x86_64-linux-gnu/libusb-1.0.so  
-- OpenNI found (version: 1.5.4.0, include: /usr/include/ni, lib: /usr/lib/libOpenNI.so;libusb::libusb)
-- OpenNI2 found (version: 2.2.0.33, include: /usr/include/openni2, lib: /usr/lib/x86_64-linux-gnu/libOpenNI2.so;libusb::libusb)
-- Could NOT find Pcap (missing: PCAP_LIBRARIES PCAP_INCLUDE_DIRS) 
-- Found ZLIB: /usr/lib/x86_64-linux-gnu/libz.so (found version "1.3")  
-- Found PNG: /usr/lib/x86_64-linux-gnu/libpng.so (found version "1.6.43") 
-- OpenNI found (version: 1.5.4.0, include: /usr/include/ni, lib: /usr/lib/libOpenNI.so;libusb::libusb)
-- OpenNI2 found (version: 2.2.0.33, include: /usr/include/openni2, lib: /usr/lib/x86_64-linux-gnu/libOpenNI2.so;libusb::libusb)
-- Found Qhull version 8.0.2
-- OpenNI found (version: 1.5.4.0, include: /usr/include/ni, lib: /usr/lib/libOpenNI.so;libusb::libusb)
-- Found PCL_COMMON: /usr/lib/x86_64-linux-gnu/libpcl_common.so  
-- Found PCL_KDTREE: /usr/lib/x86_64-linux-gnu/libpcl_kdtree.so  
-- Found PCL_OCTREE: /usr/lib/x86_64-linux-gnu/libpcl_octree.so  
-- Found PCL_SEARCH: /usr/lib/x86_64-linux-gnu/libpcl_search.so  
-- Found PCL_SAMPLE_CONSENSUS: /usr/lib/x86_64-linux-gnu/libpcl_sample_consensus.so  
-- Found PCL_FILTERS: /usr/lib/x86_64-linux-gnu/libpcl_filters.so  
-- Found PCL_2D: /usr/include/pcl-1.14  
-- Found PCL_GEOMETRY: /usr/include/pcl-1.14  
-- Found PCL_IO: /usr/lib/x86_64-linux-gnu/libpcl_io.so  
-- Found PCL_FEATURES: /usr/lib/x86_64-linux-gnu/libpcl_features.so  
-- Found PCL_ML: /usr/lib/x86_64-linux-gnu/libpcl_ml.so  
-- Found PCL_SEGMENTATION: /usr/lib/x86_64-linux-gnu/libpcl_segmentation.so  
-- Found PCL_VISUALIZATION: /usr/lib/x86_64-linux-gnu/libpcl_visualization.so  
-- Found PCL_SURFACE: /usr/lib/x86_64-linux-gnu/libpcl_surface.so  
-- Found PCL_REGISTRATION: /usr/lib/x86_64-linux-gnu/libpcl_registration.so  
-- Found PCL_KEYPOINTS: /usr/lib/x86_64-linux-gnu/libpcl_keypoints.so  
-- Found PCL_TRACKING: /usr/lib/x86_64-linux-gnu/libpcl_tracking.so  
-- Found PCL_RECOGNITION: /usr/lib/x86_64-linux-gnu/libpcl_recognition.so  
-- Found PCL_STEREO: /usr/lib/x86_64-linux-gnu/libpcl_stereo.so  
-- Found PCL_APPS: /usr/lib/x86_64-linux-gnu/libpcl_apps.so  
-- Found PCL_IN_HAND_SCANNER: /usr/include/pcl-1.14  
-- Found PCL_MODELER: /usr/include/pcl-1.14  
-- Found PCL_POINT_CLOUD_EDITOR: /usr/include/pcl-1.14  
-- Found PCL_OUTOFCORE: /usr/lib/x86_64-linux-gnu/libpcl_outofcore.so  
-- Found PCL_PEOPLE: /usr/lib/x86_64-linux-gnu/libpcl_people.so  
-- Found tf2: 0.36.20 (/opt/ros/jazzy/share/tf2/cmake)
-- Found tf2_ros: 0.36.20 (/opt/ros/jazzy/share/tf2_ros/cmake)
-- Found ament_lint_auto: 0.17.5 (/opt/ros/jazzy/share/ament_lint_auto/cmake)
-- Added test 'copyright' to check source files copyright and LICENSE
-- Added test 'cppcheck' to perform static code analysis on C / C++ code
-- Configured cppcheck include dirs: /home/jpha/Desktop/hp60c_portable_bundle/workspace/src/ascamera/include;/home/jpha/Desktop/hp60c_portable_bundle/workspace/src/ascamera/libs/include;$<BUILD_INTERFACE:/home/jpha/Desktop/hp60c_portable_bundle/workspace/src/ascamera/include>
-- Configured cppcheck exclude dirs and/or files: 
-- Added test 'cpplint' to check C / C++ code against the Google style
-- Configured cpplint exclude dirs and/or files: 
-- Added test 'flake8' to check Python code syntax and style conventions
-- Configured 'flake8' exclude dirs and/or files: 
-- Added test 'lint_cmake' to check CMake code style
-- Added test 'pep257' to check Python code against some of the docstring style conventions in PEP 257
-- Added test 'uncrustify' to check C / C++ code style
-- Configured uncrustify additional arguments: 
-- Added test 'xmllint' to check XML markup files
-- Configuring done (3.9s)
-- Generating done (0.1s)
-- Build files have been written to: /home/jpha/Desktop/hp60c_portable_bundle/workspace/build/ascamera
[ 33%] [32mBuilding CXX object CMakeFiles/ascamera_node.dir/src/CameraPublisher.cpp.o[0m
[ 33%] [32mBuilding CXX object CMakeFiles/ascamera_node.dir/src/TfTreeFrameIdInfo.cpp.o[0m
[ 50%] [32mBuilding CXX object CMakeFiles/ascamera_node.dir/src/ascamera_node.cpp.o[0m
[ 83%] [32mBuilding CXX object CMakeFiles/ascamera_node.dir/src/CameraSrv.cpp.o[0m
[ 83%] [32mBuilding CXX object CMakeFiles/ascamera_node.dir/src/Camera.cpp.o[0m
[100%] [32m[1mLinking CXX executable ascamera_node[0m
[100%] Built target ascamera_node
-- Install configuration: ""
-- Execute custom install script
-- Symlinking: /home/jpha/Desktop/hp60c_portable_bundle/workspace/install/ascamera/lib/ascamera/ascamera_node
-- Symlinking: /home/jpha/Desktop/hp60c_portable_bundle/workspace/install/ascamera/share/ascamera/launch/ascamera.launch.py
-- Symlinking: /home/jpha/Desktop/hp60c_portable_bundle/workspace/install/ascamera/share/ascamera/launch/changA.launch.py
-- Symlinking: /home/jpha/Desktop/hp60c_portable_bundle/workspace/install/ascamera/share/ascamera/launch/hp60c.launch.py
-- Symlinking: /home/jpha/Desktop/hp60c_portable_bundle/workspace/install/ascamera/share/ascamera/launch/hp60cn.launch.py
-- Symlinking: /home/jpha/Desktop/hp60c_portable_bundle/workspace/install/ascamera/share/ascamera/launch/kondyor.launch.py
-- Symlinking: /home/jpha/Desktop/hp60c_portable_bundle/workspace/install/ascamera/share/ascamera/launch/kunlun_a.launch.py
-- Symlinking: /home/jpha/Desktop/hp60c_portable_bundle/workspace/install/ascamera/share/ascamera/launch/kunlun_c.launch.py
-- Symlinking: /home/jpha/Desktop/hp60c_portable_bundle/workspace/install/ascamera/share/ascamera/launch/nuwa.launch.py
-- Symlinking: /home/jpha/Desktop/hp60c_portable_bundle/workspace/install/ascamera/share/ascamera/configurationfiles/changA_v1_03_20230628Encrypt.json
-- Symlinking: /home/jpha/Desktop/hp60c_portable_bundle/workspace/install/ascamera/share/ascamera/configurationfiles/changjiangB_v1_00_20240815Encrypt.json
-- Symlinking: /home/jpha/Desktop/hp60c_portable_bundle/workspace/install/ascamera/share/ascamera/configurationfiles/hp60c_v2_00_20230704_configEncrypt.json
-- Symlinking: /home/jpha/Desktop/hp60c_portable_bundle/workspace/install/ascamera/share/ascamera/configurationfiles/hp60cn_v2_00_20230704_configEncrypt.json
-- Symlinking: /home/jpha/Desktop/hp60c_portable_bundle/workspace/install/ascamera/share/ascamera/configurationfiles/kondyor_v1_03_20230628Encrypt.json
-- Symlinking: /home/jpha/Desktop/hp60c_portable_bundle/workspace/install/ascamera/share/ascamera/configurationfiles/kunlun_v1_03_20240326Encrypt.json
-- Symlinking: /home/jpha/Desktop/hp60c_portable_bundle/workspace/install/ascamera/share/ascamera/configurationfiles/nuwa_v4_01_20231103_configEncrypt.json
-- Symlinking: /home/jpha/Desktop/hp60c_portable_bundle/workspace/install/ascamera/share/ascamera/configurationfiles/readme.md
-- Symlinking: /home/jpha/Desktop/hp60c_portable_bundle/workspace/install/ascamera/share/ascamera/configurationfiles/taishan_v3_01_20240813_configEncrypt_g_48_640x480.json
-- Symlinking: /home/jpha/Desktop/hp60c_portable_bundle/workspace/install/ascamera/share/ascamera/configurationfiles/tanggulaA_v1_04__20240821-ir1280x800-outdoor-Encrypt.json
-- Symlinking: /home/jpha/Desktop/hp60c_portable_bundle/workspace/install/ascamera/share/ascamera/configurationfiles/tanggulaB_v1_00_20241012Encrypt.json
-- Symlinking: /home/jpha/Desktop/hp60c_portable_bundle/workspace/install/ascamera/share/ascamera/configurationfiles/tanggula_v2_00_20240218_configEncrypt.json
-- Symlinking: /home/jpha/Desktop/hp60c_portable_bundle/workspace/install/ascamera/share/ascamera/configurationfiles/vega_v2_01_20240716_configEncrypt.json
-- Symlinking: /home/jpha/Desktop/hp60c_portable_bundle/workspace/install/ascamera/share/ament_index/resource_index/package_run_dependencies/ascamera
-- Symlinking: /home/jpha/Desktop/hp60c_portable_bundle/workspace/install/ascamera/share/ament_index/resource_index/parent_prefix_path/ascamera
-- Symlinking: /home/jpha/Desktop/hp60c_portable_bundle/workspace/install/ascamera/share/ascamera/environment/ament_prefix_path.sh
-- Symlinking: /home/jpha/Desktop/hp60c_portable_bundle/workspace/install/ascamera/share/ascamera/environment/ament_prefix_path.dsv
-- Symlinking: /home/jpha/Desktop/hp60c_portable_bundle/workspace/install/ascamera/share/ascamera/environment/path.sh
-- Symlinking: /home/jpha/Desktop/hp60c_portable_bundle/workspace/install/ascamera/share/ascamera/environment/path.dsv
-- Symlinking: /home/jpha/Desktop/hp60c_portable_bundle/workspace/install/ascamera/share/ascamera/local_setup.bash
-- Symlinking: /home/jpha/Desktop/hp60c_portable_bundle/workspace/install/ascamera/share/ascamera/local_setup.sh
-- Symlinking: /home/jpha/Desktop/hp60c_portable_bundle/workspace/install/ascamera/share/ascamera/local_setup.zsh
-- Symlinking: /home/jpha/Desktop/hp60c_portable_bundle/workspace/install/ascamera/share/ascamera/local_setup.dsv
-- Symlinking: /home/jpha/Desktop/hp60c_portable_bundle/workspace/install/ascamera/share/ascamera/package.dsv
-- Symlinking: /home/jpha/Desktop/hp60c_portable_bundle/workspace/install/ascamera/share/ament_index/resource_index/packages/ascamera
-- Symlinking: /home/jpha/Desktop/hp60c_portable_bundle/workspace/install/ascamera/share/ascamera/cmake/ascameraConfig.cmake
-- Symlinking: /home/jpha/Desktop/hp60c_portable_bundle/workspace/install/ascamera/share/ascamera/cmake/ascameraConfig-version.cmake
-- Symlinking: /home/jpha/Desktop/hp60c_portable_bundle/workspace/install/ascamera/share/ascamera/package.xml
