[0.223s] DEBUG:colcon:Command line arguments: ['/usr/bin/colcon', 'build', '--packages-select', 'ascamera', '--symlink-install']
[0.224s] DEBUG:colcon:Parsed command line arguments: Namespace(log_base=None, log_level=None, verb_name='build', build_base='build', install_base='install', merge_install=False, symlink_install=True, test_result_base=None, continue_on_error=False, executor='parallel', parallel_workers=8, event_handlers=None, ignore_user_meta=False, metas=['./colcon.meta'], base_paths=['.'], packages_ignore=None, packages_ignore_regex=None, paths=None, packages_up_to=None, packages_up_to_regex=None, packages_above=None, packages_above_and_dependencies=None, packages_above_depth=None, packages_select_by_dep=None, packages_skip_by_dep=None, packages_skip_up_to=None, packages_select_build_failed=False, packages_skip_build_finished=False, packages_select_test_failures=False, packages_skip_test_passed=False, packages_select=['ascamera'], packages_skip=None, packages_select_regex=None, packages_skip_regex=None, packages_start=None, packages_end=None, allow_overriding=[], cmake_args=None, cmake_target=None, cmake_target_skip_unavailable=False, cmake_clean_cache=False, cmake_clean_first=False, cmake_force_configure=False, ament_cmake_args=None, catkin_cmake_args=None, catkin_skip_building_tests=False, verb_parser=<colcon_defaults.argument_parser.defaults.DefaultArgumentsDecorator object at 0x7d8a8c96f950>, verb_extension=<colcon_core.verb.build.BuildVerb object at 0x7d8a8ca66540>, main=<bound method BuildVerb.main of <colcon_core.verb.build.BuildVerb object at 0x7d8a8ca66540>>)
[0.274s] Level 1:colcon.colcon_core.package_discovery:discover_packages(colcon_meta) check parameters
[0.275s] Level 1:colcon.colcon_core.package_discovery:discover_packages(recursive) check parameters
[0.275s] Level 1:colcon.colcon_core.package_discovery:discover_packages(ignore) check parameters
[0.275s] Level 1:colcon.colcon_core.package_discovery:discover_packages(path) check parameters
[0.275s] Level 1:colcon.colcon_core.package_discovery:discover_packages(colcon_meta) discover
[0.275s] Level 1:colcon.colcon_core.package_discovery:discover_packages(recursive) discover
[0.275s] INFO:colcon.colcon_core.package_discovery:Crawling recursively for packages in '/home/jpha/Desktop/hp60c_portable_bundle/workspace'
[0.275s] Level 1:colcon.colcon_core.package_identification:_identify(.) by extensions ['ignore', 'ignore_ament_install']
[0.275s] Level 1:colcon.colcon_core.package_identification:_identify(.) by extension 'ignore'
[0.275s] Level 1:colcon.colcon_core.package_identification:_identify(.) by extension 'ignore_ament_install'
[0.275s] Level 1:colcon.colcon_core.package_identification:_identify(.) by extensions ['colcon_pkg']
[0.275s] Level 1:colcon.colcon_core.package_identification:_identify(.) by extension 'colcon_pkg'
[0.275s] Level 1:colcon.colcon_core.package_identification:_identify(.) by extensions ['colcon_meta']
[0.275s] Level 1:colcon.colcon_core.package_identification:_identify(.) by extension 'colcon_meta'
[0.275s] Level 1:colcon.colcon_core.package_identification:_identify(.) by extensions ['ros']
[0.275s] Level 1:colcon.colcon_core.package_identification:_identify(.) by extension 'ros'
[0.296s] Level 1:colcon.colcon_core.package_identification:_identify(.) by extensions ['cmake', 'python']
[0.296s] Level 1:colcon.colcon_core.package_identification:_identify(.) by extension 'cmake'
[0.296s] Level 1:colcon.colcon_core.package_identification:_identify(.) by extension 'python'
[0.296s] Level 1:colcon.colcon_core.package_identification:_identify(.) by extensions ['python_setup_py']
[0.296s] Level 1:colcon.colcon_core.package_identification:_identify(.) by extension 'python_setup_py'
[0.297s] Level 1:colcon.colcon_core.package_identification:_identify(build) by extensions ['ignore', 'ignore_ament_install']
[0.297s] Level 1:colcon.colcon_core.package_identification:_identify(build) by extension 'ignore'
[0.297s] Level 1:colcon.colcon_core.package_identification:_identify(build) ignored
[0.297s] Level 1:colcon.colcon_core.package_identification:_identify(install) by extensions ['ignore', 'ignore_ament_install']
[0.297s] Level 1:colcon.colcon_core.package_identification:_identify(install) by extension 'ignore'
[0.297s] Level 1:colcon.colcon_core.package_identification:_identify(install) ignored
[0.297s] Level 1:colcon.colcon_core.package_identification:_identify(log) by extensions ['ignore', 'ignore_ament_install']
[0.297s] Level 1:colcon.colcon_core.package_identification:_identify(log) by extension 'ignore'
[0.297s] Level 1:colcon.colcon_core.package_identification:_identify(log) ignored
[0.297s] Level 1:colcon.colcon_core.package_identification:_identify(src) by extensions ['ignore', 'ignore_ament_install']
[0.297s] Level 1:colcon.colcon_core.package_identification:_identify(src) by extension 'ignore'
[0.297s] Level 1:colcon.colcon_core.package_identification:_identify(src) by extension 'ignore_ament_install'
[0.297s] Level 1:colcon.colcon_core.package_identification:_identify(src) by extensions ['colcon_pkg']
[0.297s] Level 1:colcon.colcon_core.package_identification:_identify(src) by extension 'colcon_pkg'
[0.297s] Level 1:colcon.colcon_core.package_identification:_identify(src) by extensions ['colcon_meta']
[0.297s] Level 1:colcon.colcon_core.package_identification:_identify(src) by extension 'colcon_meta'
[0.297s] Level 1:colcon.colcon_core.package_identification:_identify(src) by extensions ['ros']
[0.297s] Level 1:colcon.colcon_core.package_identification:_identify(src) by extension 'ros'
[0.297s] Level 1:colcon.colcon_core.package_identification:_identify(src) by extensions ['cmake', 'python']
[0.297s] Level 1:colcon.colcon_core.package_identification:_identify(src) by extension 'cmake'
[0.297s] Level 1:colcon.colcon_core.package_identification:_identify(src) by extension 'python'
[0.297s] Level 1:colcon.colcon_core.package_identification:_identify(src) by extensions ['python_setup_py']
[0.297s] Level 1:colcon.colcon_core.package_identification:_identify(src) by extension 'python_setup_py'
[0.297s] Level 1:colcon.colcon_core.package_identification:_identify(src/ascamera) by extensions ['ignore', 'ignore_ament_install']
[0.298s] Level 1:colcon.colcon_core.package_identification:_identify(src/ascamera) by extension 'ignore'
[0.298s] Level 1:colcon.colcon_core.package_identification:_identify(src/ascamera) by extension 'ignore_ament_install'
[0.298s] Level 1:colcon.colcon_core.package_identification:_identify(src/ascamera) by extensions ['colcon_pkg']
[0.298s] Level 1:colcon.colcon_core.package_identification:_identify(src/ascamera) by extension 'colcon_pkg'
[0.298s] Level 1:colcon.colcon_core.package_identification:_identify(src/ascamera) by extensions ['colcon_meta']
[0.298s] Level 1:colcon.colcon_core.package_identification:_identify(src/ascamera) by extension 'colcon_meta'
[0.298s] Level 1:colcon.colcon_core.package_identification:_identify(src/ascamera) by extensions ['ros']
[0.298s] Level 1:colcon.colcon_core.package_identification:_identify(src/ascamera) by extension 'ros'
[0.301s] DEBUG:colcon.colcon_core.package_identification:Package 'src/ascamera' with type 'ros.ament_cmake' and name 'ascamera'
[0.301s] Level 1:colcon.colcon_core.package_discovery:discover_packages(recursive) using defaults
[0.301s] Level 1:colcon.colcon_core.package_discovery:discover_packages(ignore) discover
[0.301s] Level 1:colcon.colcon_core.package_discovery:discover_packages(ignore) using defaults
[0.301s] Level 1:colcon.colcon_core.package_discovery:discover_packages(path) discover
[0.301s] Level 1:colcon.colcon_core.package_discovery:discover_packages(path) using defaults
[0.320s] Level 1:colcon.colcon_core.package_discovery:discover_packages(prefix_path) check parameters
[0.320s] Level 1:colcon.colcon_core.package_discovery:discover_packages(prefix_path) discover
[0.322s] DEBUG:colcon.colcon_installed_package_information.package_discovery:Found 201 installed packages in /opt/ros/jazzy
[0.323s] Level 1:colcon.colcon_core.package_discovery:discover_packages(prefix_path) using defaults
[0.344s] Level 5:colcon.colcon_core.verb:set package 'ascamera' build argument 'cmake_args' from command line to 'None'
[0.344s] Level 5:colcon.colcon_core.verb:set package 'ascamera' build argument 'cmake_target' from command line to 'None'
[0.344s] Level 5:colcon.colcon_core.verb:set package 'ascamera' build argument 'cmake_target_skip_unavailable' from command line to 'False'
[0.344s] Level 5:colcon.colcon_core.verb:set package 'ascamera' build argument 'cmake_clean_cache' from command line to 'False'
[0.344s] Level 5:colcon.colcon_core.verb:set package 'ascamera' build argument 'cmake_clean_first' from command line to 'False'
[0.344s] Level 5:colcon.colcon_core.verb:set package 'ascamera' build argument 'cmake_force_configure' from command line to 'False'
[0.344s] Level 5:colcon.colcon_core.verb:set package 'ascamera' build argument 'ament_cmake_args' from command line to 'None'
[0.344s] Level 5:colcon.colcon_core.verb:set package 'ascamera' build argument 'catkin_cmake_args' from command line to 'None'
[0.344s] Level 5:colcon.colcon_core.verb:set package 'ascamera' build argument 'catkin_skip_building_tests' from command line to 'False'
[0.344s] DEBUG:colcon.colcon_core.verb:Building package 'ascamera' with the following arguments: {'ament_cmake_args': None, 'build_base': '/home/jpha/Desktop/hp60c_portable_bundle/workspace/build/ascamera', 'catkin_cmake_args': None, 'catkin_skip_building_tests': False, 'cmake_args': None, 'cmake_clean_cache': False, 'cmake_clean_first': False, 'cmake_force_configure': False, 'cmake_target': None, 'cmake_target_skip_unavailable': False, 'install_base': '/home/jpha/Desktop/hp60c_portable_bundle/workspace/install/ascamera', 'merge_install': False, 'path': '/home/jpha/Desktop/hp60c_portable_bundle/workspace/src/ascamera', 'symlink_install': True, 'test_result_base': None}
[0.344s] INFO:colcon.colcon_core.executor:Executing jobs using 'parallel' executor
[0.345s] DEBUG:colcon.colcon_parallel_executor.executor.parallel:run_until_complete
[0.345s] INFO:colcon.colcon_ros.task.ament_cmake.build:Building ROS package in '/home/jpha/Desktop/hp60c_portable_bundle/workspace/src/ascamera' with build type 'ament_cmake'
[0.345s] INFO:colcon.colcon_cmake.task.cmake.build:Building CMake package in '/home/jpha/Desktop/hp60c_portable_bundle/workspace/src/ascamera'
[0.347s] INFO:colcon.colcon_core.plugin_system:Skipping extension 'colcon_core.shell.bat': Not used on non-Windows systems
[0.347s] INFO:colcon.colcon_core.shell:Skip shell extension 'powershell' for command environment: Not usable outside of PowerShell
[0.348s] DEBUG:colcon.colcon_core.shell:Skip shell extension 'dsv' for command environment
[0.352s] DEBUG:colcon.colcon_core.event_handler.log_command:Invoking command in '/home/jpha/Desktop/hp60c_portable_bundle/workspace/build/ascamera': CMAKE_PREFIX_PATH=/opt/ros/jazzy DEBUGINFOD_URLS=https://debuginfod.ubuntu.com /usr/bin/cmake /home/jpha/Desktop/hp60c_portable_bundle/workspace/src/ascamera -DAMENT_CMAKE_SYMLINK_INSTALL=1 -DCMAKE_INSTALL_PREFIX=/home/jpha/Desktop/hp60c_portable_bundle/workspace/install/ascamera
[4.393s] DEBUG:colcon.colcon_core.event_handler.log_command:Invoked command in '/home/jpha/Desktop/hp60c_portable_bundle/workspace/build/ascamera' returned '0': CMAKE_PREFIX_PATH=/opt/ros/jazzy DEBUGINFOD_URLS=https://debuginfod.ubuntu.com /usr/bin/cmake /home/jpha/Desktop/hp60c_portable_bundle/workspace/src/ascamera -DAMENT_CMAKE_SYMLINK_INSTALL=1 -DCMAKE_INSTALL_PREFIX=/home/jpha/Desktop/hp60c_portable_bundle/workspace/install/ascamera
[4.393s] DEBUG:colcon.colcon_core.event_handler.log_command:Invoking command in '/home/jpha/Desktop/hp60c_portable_bundle/workspace/build/ascamera': CMAKE_PREFIX_PATH=/opt/ros/jazzy DEBUGINFOD_URLS=https://debuginfod.ubuntu.com /usr/bin/cmake --build /home/jpha/Desktop/hp60c_portable_bundle/workspace/build/ascamera -- -j8 -l8
[20.214s] DEBUG:colcon.colcon_core.event_handler.log_command:Invoked command in '/home/jpha/Desktop/hp60c_portable_bundle/workspace/build/ascamera' returned '0': CMAKE_PREFIX_PATH=/opt/ros/jazzy DEBUGINFOD_URLS=https://debuginfod.ubuntu.com /usr/bin/cmake --build /home/jpha/Desktop/hp60c_portable_bundle/workspace/build/ascamera -- -j8 -l8
[20.226s] DEBUG:colcon.colcon_core.event_handler.log_command:Invoking command in '/home/jpha/Desktop/hp60c_portable_bundle/workspace/build/ascamera': CMAKE_PREFIX_PATH=/opt/ros/jazzy DEBUGINFOD_URLS=https://debuginfod.ubuntu.com /usr/bin/cmake --install /home/jpha/Desktop/hp60c_portable_bundle/workspace/build/ascamera
[20.492s] Level 1:colcon.colcon_core.environment:create_environment_scripts_only(ascamera)
[20.492s] DEBUG:colcon.colcon_core.event_handler.log_command:Invoked command in '/home/jpha/Desktop/hp60c_portable_bundle/workspace/build/ascamera' returned '0': CMAKE_PREFIX_PATH=/opt/ros/jazzy DEBUGINFOD_URLS=https://debuginfod.ubuntu.com /usr/bin/cmake --install /home/jpha/Desktop/hp60c_portable_bundle/workspace/build/ascamera
[20.499s] Level 1:colcon.colcon_core.environment:checking '/home/jpha/Desktop/hp60c_portable_bundle/workspace/install/ascamera' for CMake module files
[20.499s] Level 1:colcon.colcon_core.environment:checking '/home/jpha/Desktop/hp60c_portable_bundle/workspace/install/ascamera' for CMake config files
[20.500s] Level 1:colcon.colcon_core.shell:create_environment_hook('ascamera', 'cmake_prefix_path')
[20.500s] INFO:colcon.colcon_core.shell:Creating environment hook '/home/jpha/Desktop/hp60c_portable_bundle/workspace/install/ascamera/share/ascamera/hook/cmake_prefix_path.ps1'
[20.501s] INFO:colcon.colcon_core.shell:Creating environment descriptor '/home/jpha/Desktop/hp60c_portable_bundle/workspace/install/ascamera/share/ascamera/hook/cmake_prefix_path.dsv'
[20.502s] INFO:colcon.colcon_core.shell:Creating environment hook '/home/jpha/Desktop/hp60c_portable_bundle/workspace/install/ascamera/share/ascamera/hook/cmake_prefix_path.sh'
[20.503s] Level 1:colcon.colcon_core.environment:checking '/home/jpha/Desktop/hp60c_portable_bundle/workspace/install/ascamera/lib'
[20.503s] Level 1:colcon.colcon_core.environment:checking '/home/jpha/Desktop/hp60c_portable_bundle/workspace/install/ascamera/bin'
[20.503s] Level 1:colcon.colcon_core.environment:checking '/home/jpha/Desktop/hp60c_portable_bundle/workspace/install/ascamera/lib/pkgconfig/ascamera.pc'
[20.503s] Level 1:colcon.colcon_core.environment:checking '/home/jpha/Desktop/hp60c_portable_bundle/workspace/install/ascamera/lib/python3.12/site-packages'
[20.503s] Level 1:colcon.colcon_core.environment:checking '/home/jpha/Desktop/hp60c_portable_bundle/workspace/install/ascamera/bin'
[20.504s] INFO:colcon.colcon_core.shell:Creating package script '/home/jpha/Desktop/hp60c_portable_bundle/workspace/install/ascamera/share/ascamera/package.ps1'
[20.504s] INFO:colcon.colcon_core.shell:Creating package descriptor '/home/jpha/Desktop/hp60c_portable_bundle/workspace/install/ascamera/share/ascamera/package.dsv'
[20.505s] INFO:colcon.colcon_core.shell:Creating package script '/home/jpha/Desktop/hp60c_portable_bundle/workspace/install/ascamera/share/ascamera/package.sh'
[20.505s] INFO:colcon.colcon_core.shell:Creating package script '/home/jpha/Desktop/hp60c_portable_bundle/workspace/install/ascamera/share/ascamera/package.bash'
[20.506s] INFO:colcon.colcon_core.shell:Creating package script '/home/jpha/Desktop/hp60c_portable_bundle/workspace/install/ascamera/share/ascamera/package.zsh'
[20.509s] Level 1:colcon.colcon_core.environment:create_file_with_runtime_dependencies(/home/jpha/Desktop/hp60c_portable_bundle/workspace/install/ascamera/share/colcon-core/packages/ascamera)
[20.510s] Level 1:colcon.colcon_core.environment:create_environment_scripts_only(ascamera)
[20.510s] Level 1:colcon.colcon_core.environment:checking '/home/jpha/Desktop/hp60c_portable_bundle/workspace/install/ascamera' for CMake module files
[20.511s] Level 1:colcon.colcon_core.environment:checking '/home/jpha/Desktop/hp60c_portable_bundle/workspace/install/ascamera' for CMake config files
[20.512s] Level 1:colcon.colcon_core.shell:create_environment_hook('ascamera', 'cmake_prefix_path')
[20.512s] INFO:colcon.colcon_core.shell:Creating environment hook '/home/jpha/Desktop/hp60c_portable_bundle/workspace/install/ascamera/share/ascamera/hook/cmake_prefix_path.ps1'
[20.513s] INFO:colcon.colcon_core.shell:Creating environment descriptor '/home/jpha/Desktop/hp60c_portable_bundle/workspace/install/ascamera/share/ascamera/hook/cmake_prefix_path.dsv'
[20.514s] INFO:colcon.colcon_core.shell:Creating environment hook '/home/jpha/Desktop/hp60c_portable_bundle/workspace/install/ascamera/share/ascamera/hook/cmake_prefix_path.sh'
[20.515s] Level 1:colcon.colcon_core.environment:checking '/home/jpha/Desktop/hp60c_portable_bundle/workspace/install/ascamera/lib'
[20.515s] Level 1:colcon.colcon_core.environment:checking '/home/jpha/Desktop/hp60c_portable_bundle/workspace/install/ascamera/bin'
[20.515s] Level 1:colcon.colcon_core.environment:checking '/home/jpha/Desktop/hp60c_portable_bundle/workspace/install/ascamera/lib/pkgconfig/ascamera.pc'
[20.515s] Level 1:colcon.colcon_core.environment:checking '/home/jpha/Desktop/hp60c_portable_bundle/workspace/install/ascamera/lib/python3.12/site-packages'
[20.516s] Level 1:colcon.colcon_core.environment:checking '/home/jpha/Desktop/hp60c_portable_bundle/workspace/install/ascamera/bin'
[20.516s] INFO:colcon.colcon_core.shell:Creating package script '/home/jpha/Desktop/hp60c_portable_bundle/workspace/install/ascamera/share/ascamera/package.ps1'
[20.517s] INFO:colcon.colcon_core.shell:Creating package descriptor '/home/jpha/Desktop/hp60c_portable_bundle/workspace/install/ascamera/share/ascamera/package.dsv'
[20.517s] INFO:colcon.colcon_core.shell:Creating package script '/home/jpha/Desktop/hp60c_portable_bundle/workspace/install/ascamera/share/ascamera/package.sh'
[20.518s] INFO:colcon.colcon_core.shell:Creating package script '/home/jpha/Desktop/hp60c_portable_bundle/workspace/install/ascamera/share/ascamera/package.bash'
[20.518s] INFO:colcon.colcon_core.shell:Creating package script '/home/jpha/Desktop/hp60c_portable_bundle/workspace/install/ascamera/share/ascamera/package.zsh'
[20.519s] Level 1:colcon.colcon_core.environment:create_file_with_runtime_dependencies(/home/jpha/Desktop/hp60c_portable_bundle/workspace/install/ascamera/share/colcon-core/packages/ascamera)
[20.519s] DEBUG:colcon.colcon_parallel_executor.executor.parallel:closing loop
[20.520s] DEBUG:colcon.colcon_parallel_executor.executor.parallel:loop closed
[20.520s] DEBUG:colcon.colcon_parallel_executor.executor.parallel:run_until_complete finished with '0'
[20.520s] DEBUG:colcon.colcon_core.event_reactor:joining thread
[20.531s] INFO:colcon.colcon_core.plugin_system:Skipping extension 'colcon_notification.desktop_notification.terminal_notifier': Not used on non-Darwin systems
[20.531s] INFO:colcon.colcon_core.plugin_system:Skipping extension 'colcon_notification.desktop_notification.win32': Not used on non-Windows systems
[20.531s] INFO:colcon.colcon_notification.desktop_notification:Sending desktop notification using 'notify2'
[20.653s] DEBUG:colcon.colcon_core.event_reactor:joined thread
[20.653s] INFO:colcon.colcon_core.shell:Creating prefix script '/home/jpha/Desktop/hp60c_portable_bundle/workspace/install/local_setup.ps1'
[20.654s] INFO:colcon.colcon_core.shell:Creating prefix util module '/home/jpha/Desktop/hp60c_portable_bundle/workspace/install/_local_setup_util_ps1.py'
[20.655s] INFO:colcon.colcon_core.shell:Creating prefix chain script '/home/jpha/Desktop/hp60c_portable_bundle/workspace/install/setup.ps1'
[20.656s] INFO:colcon.colcon_core.shell:Creating prefix script '/home/jpha/Desktop/hp60c_portable_bundle/workspace/install/local_setup.sh'
[20.657s] INFO:colcon.colcon_core.shell:Creating prefix util module '/home/jpha/Desktop/hp60c_portable_bundle/workspace/install/_local_setup_util_sh.py'
[20.657s] INFO:colcon.colcon_core.shell:Creating prefix chain script '/home/jpha/Desktop/hp60c_portable_bundle/workspace/install/setup.sh'
[20.658s] INFO:colcon.colcon_core.shell:Creating prefix script '/home/jpha/Desktop/hp60c_portable_bundle/workspace/install/local_setup.bash'
[20.658s] INFO:colcon.colcon_core.shell:Creating prefix chain script '/home/jpha/Desktop/hp60c_portable_bundle/workspace/install/setup.bash'
[20.659s] INFO:colcon.colcon_core.shell:Creating prefix script '/home/jpha/Desktop/hp60c_portable_bundle/workspace/install/local_setup.zsh'
[20.659s] INFO:colcon.colcon_core.shell:Creating prefix chain script '/home/jpha/Desktop/hp60c_portable_bundle/workspace/install/setup.zsh'
